<?xml version="1.0" encoding="UTF-8"?>
<testsuite xmlns:xsi="http://www.w3.org/2001/XMLSchema-instance" xsi:noNamespaceSchemaLocation="https://maven.apache.org/surefire/maven-surefire-plugin/xsd/surefire-test-report-3.0.xsd" version="3.0" name="testrunner.TestRunner" time="54.257" tests="2" errors="1" skipped="0" failures="0">
  <properties>
[...]
</properties>
  <testcase name="Get all the info of a cruiseship from a cruiseline" classname="Booking.com website navigation" time="20.901">
    <system-out><![CDATA[
Scenario: Get all the info of a cruiseship from a cruiseline &amp#27;[90m# src/test/resources/features/main.feature:2&amp#27;[0m
  &amp#27;[32mGiven &amp#27;[0m&amp#27;[32mthe cruise webpage is opened&amp#27;[0m                         &amp#27;[90m# stepdefinitions.StepDefinition.cruiseStartup()&amp#27;[0m
  &amp#27;[32mWhen &amp#27;[0m&amp#27;[32mthe user picks a cruise line&amp#27;[0m                          &amp#27;[90m# stepdefinitions.StepDefinition.selectCruiseLine()&amp#27;[0m
no such element: Unable to locate element: {"method":"xpath","selector":".//span[starts-with(@id,'reviewRating')]"}
  (Session info: chrome=137.0.7151.69)
For documentation on this error, please visit: https://www.selenium.dev/documentation/webdriver/troubleshooting/errors#no-such-element-exception
Build info: version: '4.33.0', revision: '2c6aaad03a'
System info: os.name: 'Windows 11', os.arch: 'amd64', os.version: '10.0', java.version: '21.0.6'
Driver info: org.openqa.selenium.chrome.ChromeDriver
Command: [58c06b802eb283fbb7b4e3e265fdfa51, findChildElement {using=xpath, value=.//span[starts-with(@id,'reviewRating')], id=f.99617C47337D2F7E087FEB07774C3452.d.69E0B04714027F38F191AE396447DBFA.e.337}]
Capabilities {acceptInsecureCerts: false, browserName: chrome, browserVersion: 137.0.7151.69, chrome: {chromedriverVersion: 137.0.7151.119 (e0ac9d12dff..., userDataDir: C:\Users\2408563\AppData\Lo...}, fedcm:accounts: true, goog:chromeOptions: {debuggerAddress: localhost:54563}, networkConnectionEnabled: false, pageLoadStrategy: normal, platformName: windows, proxy: Proxy(), se:cdp: ws://localhost:54563/devtoo..., se:cdpVersion: 137.0.7151.69, setWindowRect: true, strictFileInteractability: false, timeouts: {implicit: 0, pageLoad: 300000, script: 30000}, unhandledPromptBehavior: dismiss and notify, webauthn:extension:credBlob: true, webauthn:extension:largeBlob: true, webauthn:extension:minPinLength: true, webauthn:extension:prf: true, webauthn:virtualAuthenticators: true}
Session ID: 58c06b802eb283fbb7b4e3e265fdfa51
no such element: Unable to locate element: {"method":"xpath","selector":".//span[starts-with(@id,'reviewRating')]"}
  (Session info: chrome=137.0.7151.69)
For documentation on this error, please visit: https://www.selenium.dev/documentation/webdriver/troubleshooting/errors#no-such-element-exception
Build info: version: '4.33.0', revision: '2c6aaad03a'
System info: os.name: 'Windows 11', os.arch: 'amd64', os.version: '10.0', java.version: '21.0.6'
Driver info: org.openqa.selenium.chrome.ChromeDriver
Command: [58c06b802eb283fbb7b4e3e265fdfa51, findChildElement {using=xpath, value=.//span[starts-with(@id,'reviewRating')], id=f.99617C47337D2F7E087FEB07774C3452.d.69E0B04714027F38F191AE396447DBFA.e.338}]
Capabilities {acceptInsecureCerts: false, browserName: chrome, browserVersion: 137.0.7151.69, chrome: {chromedriverVersion: 137.0.7151.119 (e0ac9d12dff..., userDataDir: C:\Users\2408563\AppData\Lo...}, fedcm:accounts: true, goog:chromeOptions: {debuggerAddress: localhost:54563}, networkConnectionEnabled: false, pageLoadStrategy: normal, platformName: windows, proxy: Proxy(), se:cdp: ws://localhost:54563/devtoo..., se:cdpVersion: 137.0.7151.69, setWindowRect: true, strictFileInteractability: false, timeouts: {implicit: 0, pageLoad: 300000, script: 30000}, unhandledPromptBehavior: dismiss and notify, webauthn:extension:credBlob: true, webauthn:extension:largeBlob: true, webauthn:extension:minPinLength: true, webauthn:extension:prf: true, webauthn:virtualAuthenticators: true}
Session ID: 58c06b802eb283fbb7b4e3e265fdfa51
  &amp#27;[32mAnd &amp#27;[0m&amp#27;[32mthe user picks a cruise ship&amp#27;[0m                           &amp#27;[90m# stepdefinitions.StepDefinition.selectCruiseShip()&amp#27;[0m
  &amp#27;[32mThen &amp#27;[0m&amp#27;[32mthe user collects the information of the ship&amp#27;[0m         &amp#27;[90m# stepdefinitions.StepDefinition.getShipInfo()&amp#27;[0m
]]></system-out>
  </testcase>
  <testcase name="Book Holiday Home in Nairobi" classname="Booking.com website navigation" time="31.949">
    <error message="element click intercepted: Element &lt;span class=&quot;a9918d47bf&quot;&gt;...&lt;/span&gt; is not clickable at point (491, 10). Other element would receive the click: &lt;div class=&quot;bbe73dce14&quot;&gt;...&lt;/div&gt;&#10;  (Session info: chrome=137.0.7151.69)&#10;Build info: version: &apos;4.33.0&apos;, revision: &apos;2c6aaad03a&apos;&#10;System info: os.name: &apos;Windows 11&apos;, os.arch: &apos;amd64&apos;, os.version: &apos;10.0&apos;, java.version: &apos;21.0.6&apos;&#10;Driver info: org.openqa.selenium.chrome.ChromeDriver&#10;Command: [81e54438a149bd2f9897d1ae6f2f71dc, clickElement {id=f.08B553375171752C9CAEC531AEA2ED69.d.19F870F2A4AFA569D9E5F16EF81CF877.e.610}]&#10;Capabilities {acceptInsecureCerts: false, browserName: chrome, browserVersion: 137.0.7151.69, chrome: {chromedriverVersion: 137.0.7151.119 (e0ac9d12dff..., userDataDir: C:\Users\2408563\AppData\Lo...}, fedcm:accounts: true, goog:chromeOptions: {debuggerAddress: localhost:54670}, networkConnectionEnabled: false, pageLoadStrategy: normal, platformName: windows, proxy: Proxy(), se:cdp: ws://localhost:54670/devtoo..., se:cdpVersion: 137.0.7151.69, setWindowRect: true, strictFileInteractability: false, timeouts: {implicit: 0, pageLoad: 300000, script: 30000}, unhandledPromptBehavior: dismiss and notify, webauthn:extension:credBlob: true, webauthn:extension:largeBlob: true, webauthn:extension:minPinLength: true, webauthn:extension:prf: true, webauthn:virtualAuthenticators: true}&#10;Element: [[ChromeDriver: chrome on windows (81e54438a149bd2f9897d1ae6f2f71dc)] -&gt; xpath: //span[@class=&apos;a9918d47bf&apos;]]&#10;Session ID: 81e54438a149bd2f9897d1ae6f2f71dc" type="org.openqa.selenium.ElementClickInterceptedException"><![CDATA[org.openqa.selenium.ElementClickInterceptedException: 
element click intercepted: Element <span class="a9918d47bf">...</span> is not clickable at point (491, 10). Other element would receive the click: <div class="bbe73dce14">...</div>
  (Session info: chrome=137.0.7151.69)
Build info: version: '4.33.0', revision: '2c6aaad03a'
System info: os.name: 'Windows 11', os.arch: 'amd64', os.version: '10.0', java.version: '21.0.6'
Driver info: org.openqa.selenium.chrome.ChromeDriver
Command: [81e54438a149bd2f9897d1ae6f2f71dc, clickElement {id=f.08B553375171752C9CAEC531AEA2ED69.d.19F870F2A4AFA569D9E5F16EF81CF877.e.610}]
Capabilities {acceptInsecureCerts: false, browserName: chrome, browserVersion: 137.0.7151.69, chrome: {chromedriverVersion: 137.0.7151.119 (e0ac9d12dff..., userDataDir: C:\Users\2408563\AppData\Lo...}, fedcm:accounts: true, goog:chromeOptions: {debuggerAddress: localhost:54670}, networkConnectionEnabled: false, pageLoadStrategy: normal, platformName: windows, proxy: Proxy(), se:cdp: ws://localhost:54670/devtoo..., se:cdpVersion: 137.0.7151.69, setWindowRect: true, strictFileInteractability: false, timeouts: {implicit: 0, pageLoad: 300000, script: 30000}, unhandledPromptBehavior: dismiss and notify, webauthn:extension:credBlob: true, webauthn:extension:largeBlob: true, webauthn:extension:minPinLength: true, webauthn:extension:prf: true, webauthn:virtualAuthenticators: true}
Element: [[ChromeDriver: chrome on windows (81e54438a149bd2f9897d1ae6f2f71dc)] -> xpath: //span[@class='a9918d47bf']]
Session ID: 81e54438a149bd2f9897d1ae6f2f71dc
	at java.base/jdk.internal.reflect.DirectConstructorHandleAccessor.newInstance(DirectConstructorHandleAccessor.java:62)
	at java.base/java.lang.reflect.Constructor.newInstanceWithCaller(Constructor.java:502)
	at java.base/java.lang.reflect.Constructor.newInstance(Constructor.java:486)
	at org.openqa.selenium.remote.ErrorCodec.decode(ErrorCodec.java:167)
	at org.openqa.selenium.remote.codec.w3c.W3CHttpResponseCodec.decode(W3CHttpResponseCodec.java:138)
	at org.openqa.selenium.remote.codec.w3c.W3CHttpResponseCodec.decode(W3CHttpResponseCodec.java:50)
	at org.openqa.selenium.remote.HttpCommandExecutor.execute(HttpCommandExecutor.java:215)
	at org.openqa.selenium.remote.service.DriverCommandExecutor.invokeExecute(DriverCommandExecutor.java:216)
	at org.openqa.selenium.remote.service.DriverCommandExecutor.execute(DriverCommandExecutor.java:174)
	at org.openqa.selenium.remote.RemoteWebDriver.execute(RemoteWebDriver.java:544)
	at org.openqa.selenium.remote.RemoteWebElement.execute(RemoteWebElement.java:223)
	at org.openqa.selenium.remote.RemoteWebElement.click(RemoteWebElement.java:76)
	at Methods.HomeNavigation.homeFilters(HomeNavigation.java:57)
	at stepdefinitions.StepDefinition.enableFilter(StepDefinition.java:65)
	at ✽.the user selects the filters(file:///C:/Users/2408563/eclipse-workspace/final-project/src/test/resources/features/main.feature:11)
]]></error>
    <system-out><![CDATA[
Scenario: Book Holiday Home in Nairobi         &amp#27;[90m# src/test/resources/features/main.feature:8&amp#27;[0m
  &amp#27;[32mGiven &amp#27;[0m&amp#27;[32mthe home webpage is opened&amp#27;[0m             &amp#27;[90m# stepdefinitions.StepDefinition.homeStartup()&amp#27;[0m
no loginBtn displayed
  &amp#27;[32mWhen &amp#27;[0m&amp#27;[32mthe user searches for holiday home&amp#27;[0m      &amp#27;[90m# stepdefinitions.StepDefinition.searchHome()&amp#27;[0m
element click intercepted: Element <button aria-label="Close survey" type="button" class="de576f5064 b46cd7aad7 e26a59bb37 c295306d66 c7a901b0e7 daf5d4cb1c">...</button> is not clickable at point (1152, 515). Other element would receive the click: <div class="bbe73dce14">...</div>
  (Session info: chrome=137.0.7151.69)
Build info: version: '4.33.0', revision: '2c6aaad03a'
System info: os.name: 'Windows 11', os.arch: 'amd64', os.version: '10.0', java.version: '21.0.6'
Driver info: org.openqa.selenium.chrome.ChromeDriver
Command: [81e54438a149bd2f9897d1ae6f2f71dc, clickElement {id=f.08B553375171752C9CAEC531AEA2ED69.d.19F870F2A4AFA569D9E5F16EF81CF877.e.596}]
Capabilities {acceptInsecureCerts: false, browserName: chrome, browserVersion: 137.0.7151.69, chrome: {chromedriverVersion: 137.0.7151.119 (e0ac9d12dff..., userDataDir: C:\Users\2408563\AppData\Lo...}, fedcm:accounts: true, goog:chromeOptions: {debuggerAddress: localhost:54670}, networkConnectionEnabled: false, pageLoadStrategy: normal, platformName: windows, proxy: Proxy(), se:cdp: ws://localhost:54670/devtoo..., se:cdpVersion: 137.0.7151.69, setWindowRect: true, strictFileInteractability: false, timeouts: {implicit: 0, pageLoad: 300000, script: 30000}, unhandledPromptBehavior: dismiss and notify, webauthn:extension:credBlob: true, webauthn:extension:largeBlob: true, webauthn:extension:minPinLength: true, webauthn:extension:prf: true, webauthn:virtualAuthenticators: true}
Element: [[ChromeDriver: chrome on windows (81e54438a149bd2f9897d1ae6f2f71dc)] -> xpath: //button[@class='de576f5064 b46cd7aad7 e26a59bb37 c295306d66 c7a901b0e7 daf5d4cb1c']]
Session ID: 81e54438a149bd2f9897d1ae6f2f71dc
  &amp#27;[31mAnd &amp#27;[0m&amp#27;[31mthe user selects the filters&amp#27;[0m             &amp#27;[90m# stepdefinitions.StepDefinition.enableFilter()&amp#27;[0m
      &amp#27;[31morg.openqa.selenium.ElementClickInterceptedException: element click intercepted: Element <span class="a9918d47bf">...</span> is not clickable at point (491, 10). Other element would receive the click: <div class="bbe73dce14">...</div>
        (Session info: chrome=137.0.7151.69)
      Build info: version: '4.33.0', revision: '2c6aaad03a'
      System info: os.name: 'Windows 11', os.arch: 'amd64', os.version: '10.0', java.version: '21.0.6'
      Driver info: org.openqa.selenium.chrome.ChromeDriver
      Command: [81e54438a149bd2f9897d1ae6f2f71dc, clickElement {id=f.08B553375171752C9CAEC531AEA2ED69.d.19F870F2A4AFA569D9E5F16EF81CF877.e.610}]
      Capabilities {acceptInsecureCerts: false, browserName: chrome, browserVersion: 137.0.7151.69, chrome: {chromedriverVersion: 137.0.7151.119 (e0ac9d12dff..., userDataDir: C:\Users\2408563\AppData\Lo...}, fedcm:accounts: true, goog:chromeOptions: {debuggerAddress: localhost:54670}, networkConnectionEnabled: false, pageLoadStrategy: normal, platformName: windows, proxy: Proxy(), se:cdp: ws://localhost:54670/devtoo..., se:cdpVersion: 137.0.7151.69, setWindowRect: true, strictFileInteractability: false, timeouts: {implicit: 0, pageLoad: 300000, script: 30000}, unhandledPromptBehavior: dismiss and notify, webauthn:extension:credBlob: true, webauthn:extension:largeBlob: true, webauthn:extension:minPinLength: true, webauthn:extension:prf: true, webauthn:virtualAuthenticators: true}
      Element: [[ChromeDriver: chrome on windows (81e54438a149bd2f9897d1ae6f2f71dc)] -> xpath: //span[@class='a9918d47bf']]
      Session ID: 81e54438a149bd2f9897d1ae6f2f71dc
      	at java.base/jdk.internal.reflect.DirectConstructorHandleAccessor.newInstance(DirectConstructorHandleAccessor.java:62)
      	at java.base/java.lang.reflect.Constructor.newInstanceWithCaller(Constructor.java:502)
      	at java.base/java.lang.reflect.Constructor.newInstance(Constructor.java:486)
      	at org.openqa.selenium.remote.ErrorCodec.decode(ErrorCodec.java:167)
      	at org.openqa.selenium.remote.codec.w3c.W3CHttpResponseCodec.decode(W3CHttpResponseCodec.java:138)
      	at org.openqa.selenium.remote.codec.w3c.W3CHttpResponseCodec.decode(W3CHttpResponseCodec.java:50)
      	at org.openqa.selenium.remote.HttpCommandExecutor.execute(HttpCommandExecutor.java:215)
      	at org.openqa.selenium.remote.service.DriverCommandExecutor.invokeExecute(DriverCommandExecutor.java:216)
      	at org.openqa.selenium.remote.service.DriverCommandExecutor.execute(DriverCommandExecutor.java:174)
      	at org.openqa.selenium.remote.RemoteWebDriver.execute(RemoteWebDriver.java:544)
      	at org.openqa.selenium.remote.RemoteWebElement.execute(RemoteWebElement.java:223)
      	at org.openqa.selenium.remote.RemoteWebElement.click(RemoteWebElement.java:76)
      	at Methods.HomeNavigation.homeFilters(HomeNavigation.java:57)
      	at stepdefinitions.StepDefinition.enableFilter(StepDefinition.java:65)
      	at ✽.the user selects the filters(file:///C:/Users/2408563/eclipse-workspace/final-project/src/test/resources/features/main.feature:11)&amp#27;[0m
  &amp#27;[36mThen &amp#27;[0m&amp#27;[36mthe user collects the data of the homes&amp#27;[0m &amp#27;[90m# stepdefinitions.StepDefinition.getListOfHome()&amp#27;[0m
]]></system-out>
  </testcase>
</testsuite>